2019-01-30 17:00:03,688 | __main__ | INFO | pri | 48.2 | 24.0 | 65.41 | Temperature is perfect
2019-01-30 17:05:03,528 | __main__ | INFO | pri | 48.2 | 23.0 | 65.08 | Temperature is perfect
2019-01-30 17:10:03,640 | __main__ | INFO | pri | 48.2 | 24.0 | 64.85 | b'Sending Code: 5256451. PIN: 0. Pulse Length: 168\n' | We need to heat things up
2019-01-30 17:15:03,448 | __main__ | INFO | pri | 48.2 | 25.0 | 64.74 | Heats already on
2019-01-30 17:20:07,186 | __main__ | INFO | pri | 48.2 | 24.0 | 65.64 | b'Sending Code: 5256460. PIN: 0. Pulse Length: 168\n'b'Sending Code: 5256460. PIN: 0. Pulse Length: 168\n'b'Sending Code: 5256460. PIN: 0. Pulse Length: 168\n' | Temperature is perfect - Heats on - turn it off
2019-01-30 17:25:03,048 | __main__ | INFO | pri | 48.2 | 23.0 | 66.2 | We need to cool things down
2019-01-30 17:30:02,888 | __main__ | INFO | pri | 48.2 | 25.0 | 65.98 | Temperature is perfect
2019-01-30 17:35:03,768 | __main__ | INFO | pri | 48.2 | 24.0 | 65.52 | Temperature is perfect
2019-01-30 17:40:03,608 | __main__ | INFO | pri | 48.2 | 23.0 | 65.19 | Temperature is perfect
2019-01-30 17:45:03,719 | __main__ | INFO | pri | 48.2 | 24.0 | 64.74 | b'Sending Code: 5256451. PIN: 0. Pulse Length: 168\n' | We need to heat things up
2019-01-30 17:50:03,607 | __main__ | INFO | pri | 48.2 | 25.0 | 64.74 | Heats already on
2019-01-30 17:55:09,740 | __main__ | INFO | pri | 48.2 | 26.0 | 65.64 | b'Sending Code: 5256460. PIN: 0. Pulse Length: 168\n'b'Sending Code: 5256460. PIN: 0. Pulse Length: 168\n'b'Sending Code: 5256460. PIN: 0. Pulse Length: 168\n' | Temperature is perfect - Heats on - turn it off
2019-01-30 18:00:03,608 | __main__ | INFO | pri | 48.2 | 45.0 | 66.2 | We need to cool things down
2019-01-30 18:05:06,008 | __main__ | INFO | pri | 48.2 | 25.0 | 65.75 | Temperature is perfect
2019-01-30 18:10:02,808 | __main__ | INFO | pri | 48.2 | 44.0 | 65.41 | Temperature is perfect
2019-01-30 18:15:03,959 | __main__ | INFO | pri | 48.2 | 25.0 | 64.96 | b'Sending Code: 5256451. PIN: 0. Pulse Length: 168\n' | We need to heat things up
2019-01-30 18:20:02,888 | __main__ | INFO | pri | 48.2 | 25.0 | 64.96 | Heats already on
2019-01-30 18:25:07,579 | __main__ | INFO | pri | 48.2 | 24.0 | 65.86 | b'Sending Code: 5256460. PIN: 0. Pulse Length: 168\n'b'Sending Code: 5256460. PIN: 0. Pulse Length: 168\n'b'Sending Code: 5256460. PIN: 0. Pulse Length: 168\n' | Temperature is perfect - Heats on - turn it off
2019-01-30 18:30:03,448 | __main__ | INFO | pri | 48.2 | 24.0 | 66.42 | We need to cool things down
2019-01-30 18:35:03,288 | __main__ | INFO | pri | 48.2 | 25.0 | 65.98 | Temperature is perfect
